2026-07-09 11:23:51 - edith - INFO - Initializing Whisper STT model...
2026-07-09 11:23:52 - httpx - DEBUG - load_ssl_context verify=True cert=None trust_env=True http2=False
2026-07-09 11:23:52 - httpx - DEBUG - load_verify_locations cafile='C:\\Users\\Shelvaaathithyan\\AppData\\Local\\Programs\\Python\\Python311\\Lib\\site-packages\\certifi\\cacert.pem'
2026-07-09 11:23:52 - httpcore.connection - DEBUG - connect_tcp.started host='huggingface.co' port=443 local_address=None timeout=3 socket_options=None
2026-07-09 11:23:54 - httpcore.connection - DEBUG - connect_tcp.complete return_value=<httpcore._backends.sync.SyncStream object at 0x0000026ECE8FDB90>
2026-07-09 11:23:54 - httpcore.connection - DEBUG - start_tls.started ssl_context=<ssl.SSLContext object at 0x0000026ECE730440> server_hostname='huggingface.co' timeout=3
2026-07-09 11:23:54 - httpcore.connection - DEBUG - start_tls.complete return_value=<httpcore._backends.sync.SyncStream object at 0x0000026ECE8FDE10>
2026-07-09 11:23:54 - httpcore.http11 - DEBUG - send_request_headers.started request=<Request [b'GET']>
2026-07-09 11:23:54 - httpcore.http11 - DEBUG - send_request_headers.complete
2026-07-09 11:23:54 - httpcore.http11 - DEBUG - send_request_body.started request=<Request [b'GET']>
2026-07-09 11:23:54 - httpcore.http11 - DEBUG - send_request_body.complete
2026-07-09 11:23:54 - httpcore.http11 - DEBUG - receive_response_headers.started request=<Request [b'GET']>
2026-07-09 11:23:54 - httpcore.http11 - DEBUG - receive_response_headers.complete return_value=(b'HTTP/1.1', 200, b'OK', [(b'Content-Type', b'application/json; charset=utf-8'), (b'Transfer-Encoding', b'chunked'), (b'Connection', b'keep-alive'), (b'Date', b'Thu, 09 Jul 2026 05:53:52 GMT'), (b'content-encoding', b'gzip'), (b'ETag', b'W/"1523-mQdmV5Bv85jNaKvO4A7GDNtqjeQ"'), (b'X-Powered-By', b'huggingface-moon'), (b'X-Request-Id', b'Root=1-6a4f3770-0fb1921b60feca007d26de1b;2ca65254-7d6f-42e5-a386-f2f8a70c9a99'), (b'RateLimit', b'"api";r=499;t=160'), (b'RateLimit-Policy', b'"fixed window";"api";q=500;w=300'), (b'cross-origin-opener-policy', b'same-origin'), (b'Referrer-Policy', b'strict-origin-when-cross-origin'), (b'Access-Control-Max-Age', b'86400'), (b'Access-Control-Allow-Origin', b'https://huggingface.co'), (b'Vary', b'Origin'), (b'vary', b'Accept-Encoding'), (b'Access-Control-Expose-Headers', b'X-Repo-Commit,X-Request-Id,X-Error-Code,X-Error-Message,X-Total-Count,ETag,Link,Accept-Ranges,Content-Range,X-Linked-Size,X-Linked-ETag,X-Xet-Hash'), (b'X-Cache', b'Miss from cloudfront'), (b'Via', b'1.1 73dc1be376b3a19f8d898f27eb229e06.cloudfront.net (CloudFront)'), (b'X-Amz-Cf-Pop', b'HYD57-P7'), (b'Alt-Svc', b'h3=":443"; ma=86400'), (b'X-Amz-Cf-Id', b'yGlBmTH3E-uDA4Ym1A-ZQ755G7W6zKlA29Iqqv7wSyKV3zcaDwTQZA==')])
2026-07-09 11:23:54 - httpx - INFO - HTTP Request: GET https://huggingface.co/api/agent-harnesses "HTTP/1.1 200 OK"
2026-07-09 11:23:54 - httpcore.http11 - DEBUG - receive_response_body.started request=<Request [b'GET']>
2026-07-09 11:23:54 - httpcore.http11 - DEBUG - receive_response_body.complete
2026-07-09 11:23:54 - httpcore.http11 - DEBUG - response_closed.started
2026-07-09 11:23:54 - httpcore.http11 - DEBUG - response_closed.complete
2026-07-09 11:23:54 - httpcore.http11 - DEBUG - send_request_headers.started request=<Request [b'GET']>
2026-07-09 11:23:54 - httpcore.http11 - DEBUG - send_request_headers.complete
2026-07-09 11:23:54 - httpcore.http11 - DEBUG - send_request_body.started request=<Request [b'GET']>
2026-07-09 11:23:54 - httpcore.http11 - DEBUG - send_request_body.complete
2026-07-09 11:23:54 - httpcore.http11 - DEBUG - receive_response_headers.started request=<Request [b'GET']>
2026-07-09 11:23:54 - httpcore.http11 - DEBUG - receive_response_headers.complete return_value=(b'HTTP/1.1', 200, b'OK', [(b'Content-Type', b'application/json; charset=utf-8'), (b'Transfer-Encoding', b'chunked'), (b'Connection', b'keep-alive'), (b'Date', b'Thu, 09 Jul 2026 05:53:52 GMT'), (b'content-encoding', b'gzip'), (b'ETag', b'W/"899-P1TBXlbHZ4/cN9S4b5frU6slMtI"'), (b'X-Powered-By', b'huggingface-moon'), (b'X-Request-Id', b'Root=1-6a4f3770-0aba666b7cb510ac7f0de9ff;0f8aa564-7a6d-48a3-8699-9b38fcd493cf'), (b'RateLimit', b'"api";r=498;t=160'), (b'RateLimit-Policy', b'"fixed window";"api";q=500;w=300'), (b'cross-origin-opener-policy', b'same-origin'), (b'Referrer-Policy', b'strict-origin-when-cross-origin'), (b'Access-Control-Max-Age', b'86400'), (b'Access-Control-Allow-Origin', b'https://huggingface.co'), (b'Vary', b'Origin'), (b'vary', b'Accept-Encoding'), (b'Access-Control-Expose-Headers', b'X-Repo-Commit,X-Request-Id,X-Error-Code,X-Error-Message,X-Total-Count,ETag,Link,Accept-Ranges,Content-Range,X-Linked-Size,X-Linked-ETag,X-Xet-Hash'), (b'X-Cache', b'Miss from cloudfront'), (b'Via', b'1.1 73dc1be376b3a19f8d898f27eb229e06.cloudfront.net (CloudFront)'), (b'X-Amz-Cf-Pop', b'HYD57-P7'), (b'Alt-Svc', b'h3=":443"; ma=86400'), (b'X-Amz-Cf-Id', b'pyUX-ml5IoPsjsQFjLRKEQhSloTWp1U8GH5mj7l_Gr-3qDgyqG2wXQ==')])
2026-07-09 11:23:54 - httpx - INFO - HTTP Request: GET https://huggingface.co/api/models/Systran/faster-whisper-base/revision/main "HTTP/1.1 200 OK"
2026-07-09 11:23:54 - httpcore.http11 - DEBUG - receive_response_body.started request=<Request [b'GET']>
2026-07-09 11:23:55 - httpcore.http11 - DEBUG - receive_response_body.complete
2026-07-09 11:23:55 - httpcore.http11 - DEBUG - response_closed.started
2026-07-09 11:23:55 - httpcore.http11 - DEBUG - response_closed.complete
2026-07-09 11:23:55 - httpcore.http11 - DEBUG - send_request_headers.started request=<Request [b'GET']>
2026-07-09 11:23:55 - httpcore.http11 - DEBUG - send_request_headers.complete
2026-07-09 11:23:55 - httpcore.http11 - DEBUG - send_request_body.started request=<Request [b'GET']>
2026-07-09 11:23:55 - httpcore.http11 - DEBUG - send_request_body.complete
2026-07-09 11:23:55 - httpcore.http11 - DEBUG - receive_response_headers.started request=<Request [b'GET']>
2026-07-09 11:23:55 - httpcore.http11 - DEBUG - receive_response_headers.complete return_value=(b'HTTP/1.1', 200, b'OK', [(b'Content-Type', b'application/json; charset=utf-8'), (b'Content-Length', b'797'), (b'Connection', b'keep-alive'), (b'Date', b'Thu, 09 Jul 2026 05:53:53 GMT'), (b'ETag', b'W/"31d-N60UWGv1NqhIvyBFD+0DL3Tqu5I"'), (b'X-Powered-By', b'huggingface-moon'), (b'X-Request-Id', b'Root=1-6a4f3771-5478a2b13530f8d0147ac59b;4bd2f602-49b4-4288-be27-4c5e98f2bd31'), (b'RateLimit', b'"api";r=497;t=159'), (b'RateLimit-Policy', b'"fixed window";"api";q=500;w=300'), (b'cross-origin-opener-policy', b'same-origin'), (b'Referrer-Policy', b'strict-origin-when-cross-origin'), (b'Access-Control-Max-Age', b'86400'), (b'Access-Control-Allow-Origin', b'https://huggingface.co'), (b'Vary', b'Origin'), (b'Access-Control-Expose-Headers', b'X-Repo-Commit,X-Request-Id,X-Error-Code,X-Error-Message,X-Total-Count,ETag,Link,Accept-Ranges,Content-Range,X-Linked-Size,X-Linked-ETag,X-Xet-Hash'), (b'X-Cache', b'Miss from cloudfront'), (b'Via', b'1.1 73dc1be376b3a19f8d898f27eb229e06.cloudfront.net (CloudFront)'), (b'X-Amz-Cf-Pop', b'HYD57-P7'), (b'Alt-Svc', b'h3=":443"; ma=86400'), (b'X-Amz-Cf-Id', b'hfF0FvXo0AMQ2bwxpeX4lMR2MveUhXtzJSFDmVPUbNemDNV6lK-LVA==')])
2026-07-09 11:23:55 - httpx - INFO - HTTP Request: GET https://huggingface.co/api/models/Systran/faster-whisper-base/tree/ebe41f70d5b6dfa9166e2c581c45c9c0cfc57b66?recursive=true&expand=false "HTTP/1.1 200 OK"
2026-07-09 11:23:55 - httpcore.http11 - DEBUG - receive_response_body.started request=<Request [b'GET']>
2026-07-09 11:23:55 - httpcore.http11 - DEBUG - receive_response_body.complete
2026-07-09 11:23:55 - httpcore.http11 - DEBUG - response_closed.started
2026-07-09 11:23:55 - httpcore.http11 - DEBUG - response_closed.complete
2026-07-09 11:23:55 - httpcore.http11 - DEBUG - send_request_headers.started request=<Request [b'HEAD']>
2026-07-09 11:23:55 - httpcore.http11 - DEBUG - send_request_headers.complete
2026-07-09 11:23:55 - httpcore.http11 - DEBUG - send_request_body.started request=<Request [b'HEAD']>
2026-07-09 11:23:55 - httpcore.http11 - DEBUG - send_request_body.complete
2026-07-09 11:23:55 - httpcore.http11 - DEBUG - receive_response_headers.started request=<Request [b'HEAD']>
2026-07-09 11:23:55 - httpcore.connection - DEBUG - connect_tcp.started host='huggingface.co' port=443 local_address=None timeout=10 socket_options=None
2026-07-09 11:23:55 - httpcore.connection - DEBUG - connect_tcp.started host='huggingface.co' port=443 local_address=None timeout=10 socket_options=None
2026-07-09 11:23:55 - filelock - DEBUG - Attempting to acquire lock 2674935701776 on C:\Users\Shelvaaathithyan\.cache\huggingface\hub\.locks\models--Systran--faster-whisper-base\d01c3014881c9c6f3133c182f3d2887eb6ca1c789a7538c5c007196857a0a6a9.lock
2026-07-09 11:23:55 - filelock - DEBUG - Lock 2674935701776 acquired on C:\Users\Shelvaaathithyan\.cache\huggingface\hub\.locks\models--Systran--faster-whisper-base\d01c3014881c9c6f3133c182f3d2887eb6ca1c789a7538c5c007196857a0a6a9.lock
2026-07-09 11:23:55 - httpcore.connection - DEBUG - connect_tcp.complete return_value=<httpcore._backends.sync.SyncStream object at 0x0000026ECE979F50>
2026-07-09 11:23:55 - httpcore.connection - DEBUG - start_tls.started ssl_context=<ssl.SSLContext object at 0x0000026ECE730440> server_hostname='huggingface.co' timeout=10
2026-07-09 11:23:55 - httpcore.connection - DEBUG - connect_tcp.complete return_value=<httpcore._backends.sync.SyncStream object at 0x0000026ECE978ED0>
2026-07-09 11:23:55 - httpcore.connection - DEBUG - start_tls.started ssl_context=<ssl.SSLContext object at 0x0000026ECE730440> server_hostname='huggingface.co' timeout=10
2026-07-09 11:23:55 - httpcore.connection - DEBUG - start_tls.complete return_value=<httpcore._backends.sync.SyncStream object at 0x0000026ECE97AFD0>
2026-07-09 11:23:55 - httpcore.http11 - DEBUG - send_request_headers.started request=<Request [b'HEAD']>
2026-07-09 11:23:55 - httpcore.http11 - DEBUG - send_request_headers.complete
2026-07-09 11:23:55 - httpcore.http11 - DEBUG - send_request_body.started request=<Request [b'HEAD']>
2026-07-09 11:23:55 - httpcore.http11 - DEBUG - send_request_body.complete
2026-07-09 11:23:55 - httpcore.http11 - DEBUG - receive_response_headers.started request=<Request [b'HEAD']>
2026-07-09 11:23:55 - httpcore.connection - DEBUG - start_tls.complete return_value=<httpcore._backends.sync.SyncStream object at 0x0000026ECE97AED0>
2026-07-09 11:23:55 - httpcore.http11 - DEBUG - send_request_headers.started request=<Request [b'HEAD']>
2026-07-09 11:23:55 - httpcore.http11 - DEBUG - send_request_headers.complete
2026-07-09 11:23:55 - httpcore.http11 - DEBUG - send_request_body.started request=<Request [b'HEAD']>
2026-07-09 11:23:55 - httpcore.http11 - DEBUG - send_request_body.complete
2026-07-09 11:23:55 - httpcore.http11 - DEBUG - receive_response_headers.started request=<Request [b'HEAD']>
2026-07-09 11:23:55 - httpcore.http11 - DEBUG - receive_response_headers.complete return_value=(b'HTTP/1.1', 307, b'Temporary Redirect', [(b'Content-Type', b'text/plain; charset=utf-8'), (b'Content-Length', b'294'), (b'Connection', b'keep-alive'), (b'Date', b'Thu, 09 Jul 2026 05:53:53 GMT'), (b'Location', b'/api/resolve-cache/models/Systran/faster-whisper-base/ebe41f70d5b6dfa9166e2c581c45c9c0cfc57b66/config.json?%2FSystran%2Ffaster-whisper-base%2Fresolve%2Febe41f70d5b6dfa9166e2c581c45c9c0cfc57b66%2Fconfig.json=&etag=%22867cf1a0fece1394e01d55e287ba2f09a577c046%22'), (b'X-Powered-By', b'huggingface-moon'), (b'X-Request-Id', b'Root=1-6a4f3771-24a56b57442f59a00bf762e0;7a1c1313-5337-4de7-bc4c-43654072cf2d'), (b'RateLimit', b'"resolvers";r=2999;t=159'), (b'RateLimit-Policy', b'"fixed window";"resolvers";q=3000;w=300'), (b'cross-origin-opener-policy', b'same-origin'), (b'Referrer-Policy', b'strict-origin-when-cross-origin'), (b'Access-Control-Max-Age', b'86400'), (b'Access-Control-Allow-Origin', b'https://huggingface.co'), (b'Vary', b'Origin, Accept'), (b'Access-Control-Expose-Headers', b'X-Repo-Commit,X-Request-Id,X-Error-Code,X-Error-Message,X-Total-Count,ETag,Link,Accept-Ranges,Content-Range,X-Linked-Size,X-Linked-ETag,X-Xet-Hash'), (b'X-Repo-Commit', b'ebe41f70d5b6dfa9166e2c581c45c9c0cfc57b66'), (b'Accept-Ranges', b'bytes'), (b'X-Hub-Cache', b'HIT'), (b'Content-Disposition', b'inline; filename*=UTF-8\'\'config.json; filename="config.json";'), (b'Content-Security-Policy', b"default-src 'none'; sandbox"), (b'X-Linked-ETag', b'"867cf1a0fece1394e01d55e287ba2f09a577c046"'), (b'X-Cache', b'Miss from cloudfront'), (b'Via', b'1.1 73dc1be376b3a19f8d898f27eb229e06.cloudfront.net (CloudFront)'), (b'X-Amz-Cf-Pop', b'HYD57-P7'), (b'Alt-Svc', b'h3=":443"; ma=86400'), (b'X-Amz-Cf-Id', b'4B60SxUgPvkyytXIUA7-P6movmh4xWd8TSVU04j3bRBDbgUmITIDIQ==')])
2026-07-09 11:23:55 - httpx - INFO - HTTP Request: HEAD https://huggingface.co/Systran/faster-whisper-base/resolve/ebe41f70d5b6dfa9166e2c581c45c9c0cfc57b66/config.json "HTTP/1.1 307 Temporary Redirect"
2026-07-09 11:23:55 - httpcore.http11 - DEBUG - receive_response_body.started request=<Request [b'HEAD']>
2026-07-09 11:23:55 - httpcore.http11 - DEBUG - receive_response_body.complete
2026-07-09 11:23:55 - httpcore.http11 - DEBUG - response_closed.started
2026-07-09 11:23:55 - httpcore.http11 - DEBUG - response_closed.complete
2026-07-09 11:23:55 - httpcore.http11 - DEBUG - send_request_headers.started request=<Request [b'HEAD']>
2026-07-09 11:23:55 - httpcore.http11 - DEBUG - send_request_headers.complete
2026-07-09 11:23:55 - httpcore.http11 - DEBUG - send_request_body.started request=<Request [b'HEAD']>
2026-07-09 11:23:55 - httpcore.http11 - DEBUG - send_request_body.complete
2026-07-09 11:23:55 - httpcore.http11 - DEBUG - receive_response_headers.started request=<Request [b'HEAD']>
2026-07-09 11:23:55 - httpcore.http11 - DEBUG - receive_response_headers.complete return_value=(b'HTTP/1.1', 200, b'OK', [(b'Content-Type', b'text/plain; charset=utf-8'), (b'Content-Length', b'2309'), (b'Connection', b'keep-alive'), (b'Date', b'Fri, 01 May 2026 07:50:58 GMT'), (b'ETag', b'"867cf1a0fece1394e01d55e287ba2f09a577c046"'), (b'X-Powered-By', b'huggingface-moon'), (b'X-Request-Id', b'Root=1-69f45b62-61703b884d16a34b3c32758c;1bf2ce79-5a60-4110-9ae4-5e75e77ecb52'), (b'RateLimit', b'"resolvers";r=2995;t=214'), (b'RateLimit-Policy', b'"fixed window";"resolvers";q=3000;w=300'), (b'cross-origin-opener-policy', b'same-origin'), (b'Referrer-Policy', b'strict-origin-when-cross-origin'), (b'Access-Control-Max-Age', b'86400'), (b'Access-Control-Allow-Origin', b'https://huggingface.co'), (b'Access-Control-Expose-Headers', b'X-Repo-Commit,X-Request-Id,X-Error-Code,X-Error-Message,X-Total-Count,ETag,Link,Accept-Ranges,Content-Range,X-Linked-Size,X-Linked-ETag,X-Xet-Hash'), (b'X-Repo-Commit', b'ebe41f70d5b6dfa9166e2c581c45c9c0cfc57b66'), (b'Accept-Ranges', b'bytes'), (b'X-Hub-Cache', b'MISS'), (b'Content-Disposition', b'inline; filename*=UTF-8\'\'config.json; filename="config.json";'), (b'Content-Security-Policy', b"default-src 'none'; sandbox"), (b'Vary', b'Origin'), (b'X-Cache', b'Hit from cloudfront'), (b'Via', b'1.1 73dc1be376b3a19f8d898f27eb229e06.cloudfront.net (CloudFront)'), (b'X-Amz-Cf-Pop', b'HYD57-P7'), (b'Alt-Svc', b'h3=":443"; ma=86400'), (b'X-Amz-Cf-Id', b'ezEfJ5e_Oa5G-5tQgnW0GK-tUFgUcLP2UXKiBN2T7pqCudY-doru5Q=='), (b'Age', b'5954575')])
2026-07-09 11:23:55 - httpx - INFO - HTTP Request: HEAD https://huggingface.co/api/resolve-cache/models/Systran/faster-whisper-base/ebe41f70d5b6dfa9166e2c581c45c9c0cfc57b66/config.json "HTTP/1.1 200 OK"
2026-07-09 11:23:55 - httpcore.http11 - DEBUG - receive_response_body.started request=<Request [b'HEAD']>
2026-07-09 11:23:55 - httpcore.http11 - DEBUG - receive_response_body.complete
2026-07-09 11:23:55 - httpcore.http11 - DEBUG - response_closed.started
2026-07-09 11:23:55 - httpcore.http11 - DEBUG - response_closed.complete
2026-07-09 11:23:55 - filelock - DEBUG - Attempting to acquire lock 2674935736528 on C:\Users\Shelvaaathithyan\.cache\huggingface\hub\.locks\models--Systran--faster-whisper-base\867cf1a0fece1394e01d55e287ba2f09a577c046.lock
2026-07-09 11:23:55 - filelock - DEBUG - Lock 2674935736528 acquired on C:\Users\Shelvaaathithyan\.cache\huggingface\hub\.locks\models--Systran--faster-whisper-base\867cf1a0fece1394e01d55e287ba2f09a577c046.lock
2026-07-09 11:23:55 - httpcore.http11 - DEBUG - send_request_headers.started request=<Request [b'GET']>
2026-07-09 11:23:55 - httpcore.http11 - DEBUG - send_request_headers.complete
2026-07-09 11:23:55 - httpcore.http11 - DEBUG - send_request_body.started request=<Request [b'GET']>
2026-07-09 11:23:55 - httpcore.http11 - DEBUG - send_request_body.complete
2026-07-09 11:23:55 - httpcore.http11 - DEBUG - receive_response_headers.started request=<Request [b'GET']>
2026-07-09 11:23:55 - httpcore.http11 - DEBUG - receive_response_headers.complete return_value=(b'HTTP/1.1', 307, b'Temporary Redirect', [(b'Content-Type', b'text/plain; charset=utf-8'), (b'Content-Length', b'300'), (b'Connection', b'keep-alive'), (b'Date', b'Thu, 09 Jul 2026 05:53:53 GMT'), (b'Location', b'/api/resolve-cache/models/Systran/faster-whisper-base/ebe41f70d5b6dfa9166e2c581c45c9c0cfc57b66/vocabulary.txt?%2FSystran%2Ffaster-whisper-base%2Fresolve%2Febe41f70d5b6dfa9166e2c581c45c9c0cfc57b66%2Fvocabulary.txt=&etag=%22c9074644d9d1205686f16d411564729461324b75%22'), (b'X-Powered-By', b'huggingface-moon'), (b'X-Request-Id', b'Root=1-6a4f3771-2b016c7f68ac3f2537ae4b6c;18f0c03c-78c9-43e0-8c85-f23b282efb12'), (b'RateLimit', b'"resolvers";r=2998;t=159'), (b'RateLimit-Policy', b'"fixed window";"resolvers";q=3000;w=300'), (b'cross-origin-opener-policy', b'same-origin'), (b'Referrer-Policy', b'strict-origin-when-cross-origin'), (b'Access-Control-Max-Age', b'86400'), (b'Access-Control-Allow-Origin', b'https://huggingface.co'), (b'Vary', b'Origin, Accept'), (b'Access-Control-Expose-Headers', b'X-Repo-Commit,X-Request-Id,X-Error-Code,X-Error-Message,X-Total-Count,ETag,Link,Accept-Ranges,Content-Range,X-Linked-Size,X-Linked-ETag,X-Xet-Hash'), (b'X-Repo-Commit', b'ebe41f70d5b6dfa9166e2c581c45c9c0cfc57b66'), (b'Accept-Ranges', b'bytes'), (b'X-Hub-Cache', b'HIT'), (b'Content-Disposition', b'inline; filename*=UTF-8\'\'vocabulary.txt; filename="vocabulary.txt";'), (b'Content-Security-Policy', b"default-src 'none'; sandbox"), (b'X-Linked-ETag', b'"c9074644d9d1205686f16d411564729461324b75"'), (b'X-Cache', b'Miss from cloudfront'), (b'Via', b'1.1 379b10c33afc989ca62ad89038923df8.cloudfront.net (CloudFront)'), (b'X-Amz-Cf-Pop', b'HYD57-P7'), (b'Alt-Svc', b'h3=":443"; ma=86400'), (b'X-Amz-Cf-Id', b'6_zP1W-H_XncivckuZDV5XdoOFPJcQi0vYupaoZQ5-rLaXKE_6dmjQ==')])
2026-07-09 11:23:55 - httpx - INFO - HTTP Request: HEAD https://huggingface.co/Systran/faster-whisper-base/resolve/ebe41f70d5b6dfa9166e2c581c45c9c0cfc57b66/vocabulary.txt "HTTP/1.1 307 Temporary Redirect"
2026-07-09 11:23:55 - httpcore.http11 - DEBUG - receive_response_body.started request=<Request [b'HEAD']>
2026-07-09 11:23:55 - httpcore.http11 - DEBUG - receive_response_body.complete
2026-07-09 11:23:55 - httpcore.http11 - DEBUG - response_closed.started
2026-07-09 11:23:55 - httpcore.http11 - DEBUG - response_closed.complete
2026-07-09 11:23:55 - httpcore.http11 - DEBUG - send_request_headers.started request=<Request [b'HEAD']>
2026-07-09 11:23:55 - httpcore.http11 - DEBUG - send_request_headers.complete
2026-07-09 11:23:55 - httpcore.http11 - DEBUG - send_request_body.started request=<Request [b'HEAD']>
2026-07-09 11:23:55 - httpcore.http11 - DEBUG - send_request_body.complete
2026-07-09 11:23:55 - httpcore.http11 - DEBUG - receive_response_headers.started request=<Request [b'HEAD']>
2026-07-09 11:23:55 - httpcore.http11 - DEBUG - receive_response_headers.complete return_value=(b'HTTP/1.1', 200, b'OK', [(b'Content-Type', b'text/plain; charset=utf-8'), (b'Transfer-Encoding', b'chunked'), (b'Connection', b'keep-alive'), (b'Date', b'Sat, 14 Mar 2026 15:12:16 GMT'), (b'Content-Security-Policy', b"default-src 'none'; sandbox"), (b'Content-Disposition', b'inline; filename*=UTF-8\'\'config.json; filename="config.json";'), (b'X-Powered-By', b'huggingface-moon'), (b'X-Request-Id', b'Root=1-69b57ad0-023a04af5288051a306608da;a10054c1-d456-40eb-a6b8-7b53ae0ac81e'), (b'RateLimit', b'"resolvers";r=2987;t=262'), (b'RateLimit-Policy', b'"fixed window";"resolvers";q=3000;w=300'), (b'cross-origin-opener-policy', b'same-origin'), (b'Referrer-Policy', b'strict-origin-when-cross-origin'), (b'Access-Control-Max-Age', b'86400'), (b'Access-Control-Allow-Origin', b'https://huggingface.co'), (b'Access-Control-Expose-Headers', b'X-Repo-Commit,X-Request-Id,X-Error-Code,X-Error-Message,X-Total-Count,ETag,Link,Accept-Ranges,Content-Range,X-Linked-Size,X-Linked-ETag,X-Xet-Hash'), (b'X-Repo-Commit', b'ebe41f70d5b6dfa9166e2c581c45c9c0cfc57b66'), (b'Content-Encoding', b'gzip'), (b'ETag', b'W/"867cf1a0fece1394e01d55e287ba2f09a577c046"'), (b'Vary', b'Origin,accept-encoding'), (b'X-Cache', b'Hit from cloudfront'), (b'Via', b'1.1 73dc1be376b3a19f8d898f27eb229e06.cloudfront.net (CloudFront)'), (b'X-Amz-Cf-Pop', b'HYD57-P7'), (b'Alt-Svc', b'h3=":443"; ma=86400'), (b'X-Amz-Cf-Id', b'7ckiP6vM_d_DcZTDvToTPDjrh5dj32_qj8gkWW6iMaThfkX0nrFPdA=='), (b'Age', b'10075297')])
2026-07-09 11:23:55 - httpx - INFO - HTTP Request: GET https://huggingface.co/api/resolve-cache/models/Systran/faster-whisper-base/ebe41f70d5b6dfa9166e2c581c45c9c0cfc57b66/config.json "HTTP/1.1 200 OK"
2026-07-09 11:23:55 - httpcore.http11 - DEBUG - receive_response_body.started request=<Request [b'GET']>
2026-07-09 11:23:55 - httpcore.http11 - DEBUG - receive_response_headers.complete return_value=(b'HTTP/1.1', 200, b'OK', [(b'Content-Type', b'text/plain; charset=utf-8'), (b'Content-Length', b'459861'), (b'Connection', b'keep-alive'), (b'Date', b'Fri, 20 Mar 2026 00:08:38 GMT'), (b'ETag', b'"c9074644d9d1205686f16d411564729461324b75"'), (b'X-Powered-By', b'huggingface-moon'), (b'X-Request-Id', b'Root=1-69bc9006-153d0fbb2134963259b005cf;5cf4a2cd-3ec5-4a3e-a60f-abf34e5f2ccf'), (b'RateLimit', b'"resolvers";r=2043;t=30'), (b'RateLimit-Policy', b'"fixed window";"resolvers";q=3000;w=300'), (b'cross-origin-opener-policy', b'same-origin'), (b'Referrer-Policy', b'strict-origin-when-cross-origin'), (b'Access-Control-Max-Age', b'86400'), (b'Access-Control-Allow-Origin', b'https://huggingface.co'), (b'Access-Control-Expose-Headers', b'X-Repo-Commit,X-Request-Id,X-Error-Code,X-Error-Message,X-Total-Count,ETag,Link,Accept-Ranges,Content-Range,X-Linked-Size,X-Linked-ETag,X-Xet-Hash'), (b'X-Repo-Commit', b'ebe41f70d5b6dfa9166e2c581c45c9c0cfc57b66'), (b'Accept-Ranges', b'bytes'), (b'Content-Disposition', b'inline; filename*=UTF-8\'\'vocabulary.txt; filename="vocabulary.txt";'), (b'Content-Security-Policy', b"default-src 'none'; sandbox"), (b'Vary', b'Origin'), (b'X-Cache', b'Hit from cloudfront'), (b'Via', b'1.1 379b10c33afc989ca62ad89038923df8.cloudfront.net (CloudFront)'), (b'X-Amz-Cf-Pop', b'HYD57-P7'), (b'Alt-Svc', b'h3=":443"; ma=86400'), (b'X-Amz-Cf-Id', b'Tl11uq98iEFh6kqRowsEx9CQvO1ZwufiWfkf5PZtT4sspCORcNfY2Q=='), (b'Age', b'9611115')])
2026-07-09 11:23:55 - httpx - INFO - HTTP Request: HEAD https://huggingface.co/api/resolve-cache/models/Systran/faster-whisper-base/ebe41f70d5b6dfa9166e2c581c45c9c0cfc57b66/vocabulary.txt "HTTP/1.1 200 OK"
2026-07-09 11:23:55 - httpcore.http11 - DEBUG - receive_response_body.complete
2026-07-09 11:23:55 - httpcore.http11 - DEBUG - response_closed.started
2026-07-09 11:23:55 - httpcore.http11 - DEBUG - response_closed.complete
2026-07-09 11:23:55 - httpcore.http11 - DEBUG - receive_response_body.started request=<Request [b'HEAD']>
2026-07-09 11:23:55 - httpcore.http11 - DEBUG - receive_response_body.complete
2026-07-09 11:23:55 - httpcore.http11 - DEBUG - response_closed.started
2026-07-09 11:23:55 - httpcore.http11 - DEBUG - response_closed.complete
2026-07-09 11:23:55 - filelock - DEBUG - Attempting to acquire lock 2674935739984 on C:\Users\Shelvaaathithyan\.cache\huggingface\hub\.locks\models--Systran--faster-whisper-base\c9074644d9d1205686f16d411564729461324b75.lock
2026-07-09 11:23:55 - filelock - DEBUG - Lock 2674935739984 acquired on C:\Users\Shelvaaathithyan\.cache\huggingface\hub\.locks\models--Systran--faster-whisper-base\c9074644d9d1205686f16d411564729461324b75.lock
2026-07-09 11:23:55 - httpcore.http11 - DEBUG - send_request_headers.started request=<Request [b'GET']>
2026-07-09 11:23:55 - httpcore.http11 - DEBUG - send_request_headers.complete
2026-07-09 11:23:55 - httpcore.http11 - DEBUG - send_request_body.started request=<Request [b'GET']>
2026-07-09 11:23:55 - httpcore.http11 - DEBUG - send_request_body.complete
2026-07-09 11:23:55 - httpcore.http11 - DEBUG - receive_response_headers.started request=<Request [b'GET']>
2026-07-09 11:23:55 - filelock - DEBUG - Attempting to release lock 2674935736528 on C:\Users\Shelvaaathithyan\.cache\huggingface\hub\.locks\models--Systran--faster-whisper-base\867cf1a0fece1394e01d55e287ba2f09a577c046.lock
2026-07-09 11:23:55 - filelock - DEBUG - Lock 2674935736528 released on C:\Users\Shelvaaathithyan\.cache\huggingface\hub\.locks\models--Systran--faster-whisper-base\867cf1a0fece1394e01d55e287ba2f09a577c046.lock
2026-07-09 11:23:55 - httpcore.http11 - DEBUG - receive_response_headers.complete return_value=(b'HTTP/1.1', 307, b'Temporary Redirect', [(b'Content-Type', b'text/plain; charset=utf-8'), (b'Content-Length', b'300'), (b'Connection', b'keep-alive'), (b'Date', b'Thu, 09 Jul 2026 05:53:53 GMT'), (b'Location', b'/api/resolve-cache/models/Systran/faster-whisper-base/ebe41f70d5b6dfa9166e2c581c45c9c0cfc57b66/tokenizer.json?%2FSystran%2Ffaster-whisper-base%2Fresolve%2Febe41f70d5b6dfa9166e2c581c45c9c0cfc57b66%2Ftokenizer.json=&etag=%227818adb6de9fa3064d3ff81226fdd675be1f6344%22'), (b'X-Powered-By', b'huggingface-moon'), (b'X-Request-Id', b'Root=1-6a4f3771-4efdb215181af9a3218d5d3e;cc820591-f16c-439a-aa07-d9723f095794'), (b'RateLimit', b'"resolvers";r=2997;t=159'), (b'RateLimit-Policy', b'"fixed window";"resolvers";q=3000;w=300'), (b'cross-origin-opener-policy', b'same-origin'), (b'Referrer-Policy', b'strict-origin-when-cross-origin'), (b'Access-Control-Max-Age', b'86400'), (b'Access-Control-Allow-Origin', b'https://huggingface.co'), (b'Vary', b'Origin, Accept'), (b'Access-Control-Expose-Headers', b'X-Repo-Commit,X-Request-Id,X-Error-Code,X-Error-Message,X-Total-Count,ETag,Link,Accept-Ranges,Content-Range,X-Linked-Size,X-Linked-ETag,X-Xet-Hash'), (b'X-Repo-Commit', b'ebe41f70d5b6dfa9166e2c581c45c9c0cfc57b66'), (b'Accept-Ranges', b'bytes'), (b'X-Hub-Cache', b'HIT'), (b'Content-Disposition', b'inline; filename*=UTF-8\'\'tokenizer.json; filename="tokenizer.json";'), (b'Content-Security-Policy', b"default-src 'none'; sandbox"), (b'X-Linked-ETag', b'"7818adb6de9fa3064d3ff81226fdd675be1f6344"'), (b'X-Cache', b'Miss from cloudfront'), (b'Via', b'1.1 1591be758e8bb44871a76bc3ca6cc860.cloudfront.net (CloudFront)'), (b'X-Amz-Cf-Pop', b'HYD57-P7'), (b'Alt-Svc', b'h3=":443"; ma=86400'), (b'X-Amz-Cf-Id', b'4x4yrl21GmRnrfUY__T9iPqF4PDMoPfDxnJYf7yzmWntILj6KMQjBQ==')])
2026-07-09 11:23:55 - httpx - INFO - HTTP Request: HEAD https://huggingface.co/Systran/faster-whisper-base/resolve/ebe41f70d5b6dfa9166e2c581c45c9c0cfc57b66/tokenizer.json "HTTP/1.1 307 Temporary Redirect"
2026-07-09 11:23:55 - httpcore.http11 - DEBUG - receive_response_body.started request=<Request [b'HEAD']>
2026-07-09 11:23:55 - httpcore.http11 - DEBUG - receive_response_body.complete
2026-07-09 11:23:55 - httpcore.http11 - DEBUG - response_closed.started
2026-07-09 11:23:55 - httpcore.http11 - DEBUG - response_closed.complete
2026-07-09 11:23:55 - httpcore.http11 - DEBUG - send_request_headers.started request=<Request [b'HEAD']>
2026-07-09 11:23:55 - httpcore.http11 - DEBUG - send_request_headers.complete
2026-07-09 11:23:55 - httpcore.http11 - DEBUG - send_request_body.started request=<Request [b'HEAD']>
2026-07-09 11:23:55 - httpcore.http11 - DEBUG - send_request_body.complete
2026-07-09 11:23:55 - httpcore.http11 - DEBUG - receive_response_headers.started request=<Request [b'HEAD']>
2026-07-09 11:23:55 - httpcore.http11 - DEBUG - receive_response_headers.complete return_value=(b'HTTP/1.1', 200, b'OK', [(b'Content-Type', b'text/plain; charset=utf-8'), (b'Transfer-Encoding', b'chunked'), (b'Connection', b'keep-alive'), (b'Date', b'Sun, 08 Mar 2026 23:59:24 GMT'), (b'Content-Security-Policy', b"default-src 'none'; sandbox"), (b'Content-Disposition', b'inline; filename*=UTF-8\'\'vocabulary.txt; filename="vocabulary.txt";'), (b'X-Powered-By', b'huggingface-moon'), (b'X-Request-Id', b'Root=1-69ae0d5c-761c87e85ef6b0d0177baaf1;cda6ac95-bd26-4a13-b52b-a2f3e81d2293'), (b'RateLimit', b'"resolvers";r=2995;t=40'), (b'RateLimit-Policy', b'"fixed window";"resolvers";q=3000;w=300'), (b'cross-origin-opener-policy', b'same-origin'), (b'Referrer-Policy', b'strict-origin-when-cross-origin'), (b'Access-Control-Max-Age', b'86400'), (b'Access-Control-Allow-Origin', b'https://huggingface.co'), (b'Access-Control-Expose-Headers', b'X-Repo-Commit,X-Request-Id,X-Error-Code,X-Error-Message,X-Total-Count,ETag,Link,Accept-Ranges,Content-Range,X-Linked-Size,X-Linked-ETag,X-Xet-Hash'), (b'X-Repo-Commit', b'ebe41f70d5b6dfa9166e2c581c45c9c0cfc57b66'), (b'Content-Encoding', b'gzip'), (b'ETag', b'W/"c9074644d9d1205686f16d411564729461324b75"'), (b'Vary', b'Origin,accept-encoding'), (b'X-Cache', b'Hit from cloudfront'), (b'Via', b'1.1 73dc1be376b3a19f8d898f27eb229e06.cloudfront.net (CloudFront)'), (b'X-Amz-Cf-Pop', b'HYD57-P7'), (b'Alt-Svc', b'h3=":443"; ma=86400'), (b'X-Amz-Cf-Id', b'VBejD_hUVo-ufZba4YxXixH5XXrFtj0ZDZgR0EOxb7wsF0WTKXIlng=='), (b'Age', b'10562069')])
2026-07-09 11:23:55 - httpx - INFO - HTTP Request: GET https://huggingface.co/api/resolve-cache/models/Systran/faster-whisper-base/ebe41f70d5b6dfa9166e2c581c45c9c0cfc57b66/vocabulary.txt "HTTP/1.1 200 OK"
2026-07-09 11:23:55 - httpcore.http11 - DEBUG - receive_response_body.started request=<Request [b'GET']>
2026-07-09 11:23:55 - httpcore.http11 - DEBUG - receive_response_headers.complete return_value=(b'HTTP/1.1', 200, b'OK', [(b'Content-Type', b'text/plain; charset=utf-8'), (b'Content-Length', b'2203239'), (b'Connection', b'keep-alive'), (b'Date', b'Thu, 26 Mar 2026 14:30:23 GMT'), (b'ETag', b'"7818adb6de9fa3064d3ff81226fdd675be1f6344"'), (b'X-Powered-By', b'huggingface-moon'), (b'X-Request-Id', b'Root=1-69c542ff-6f76031e40fde9e6596916b4;deb37aba-3ddd-4bc6-ae1e-583168f38bed'), (b'RateLimit', b'"resolvers";r=2999;t=299'), (b'RateLimit-Policy', b'"fixed window";"resolvers";q=3000;w=300'), (b'cross-origin-opener-policy', b'same-origin'), (b'Referrer-Policy', b'strict-origin-when-cross-origin'), (b'Access-Control-Max-Age', b'86400'), (b'Access-Control-Allow-Origin', b'https://huggingface.co'), (b'Access-Control-Expose-Headers', b'X-Repo-Commit,X-Request-Id,X-Error-Code,X-Error-Message,X-Total-Count,ETag,Link,Accept-Ranges,Content-Range,X-Linked-Size,X-Linked-ETag,X-Xet-Hash'), (b'X-Repo-Commit', b'ebe41f70d5b6dfa9166e2c581c45c9c0cfc57b66'), (b'Accept-Ranges', b'bytes'), (b'Content-Disposition', b'inline; filename*=UTF-8\'\'tokenizer.json; filename="tokenizer.json";'), (b'Content-Security-Policy', b"default-src 'none'; sandbox"), (b'Vary', b'Origin'), (b'X-Cache', b'Hit from cloudfront'), (b'Via', b'1.1 1591be758e8bb44871a76bc3ca6cc860.cloudfront.net (CloudFront)'), (b'X-Amz-Cf-Pop', b'HYD57-P7'), (b'Alt-Svc', b'h3=":443"; ma=86400'), (b'X-Amz-Cf-Id', b'X1KJtO7NteW2Ie8cQaJDnIgPMF5srGA-O91jvr64_LYmXfZfF-iO7Q=='), (b'Age', b'9041010')])
2026-07-09 11:23:55 - httpx - INFO - HTTP Request: HEAD https://huggingface.co/api/resolve-cache/models/Systran/faster-whisper-base/ebe41f70d5b6dfa9166e2c581c45c9c0cfc57b66/tokenizer.json "HTTP/1.1 200 OK"
2026-07-09 11:23:55 - httpcore.http11 - DEBUG - receive_response_body.started request=<Request [b'HEAD']>
2026-07-09 11:23:55 - httpcore.http11 - DEBUG - receive_response_body.complete
2026-07-09 11:23:55 - httpcore.http11 - DEBUG - response_closed.started
2026-07-09 11:23:55 - httpcore.http11 - DEBUG - response_closed.complete
2026-07-09 11:23:55 - filelock - DEBUG - Attempting to acquire lock 2674935592912 on C:\Users\Shelvaaathithyan\.cache\huggingface\hub\.locks\models--Systran--faster-whisper-base\7818adb6de9fa3064d3ff81226fdd675be1f6344.lock
2026-07-09 11:23:55 - filelock - DEBUG - Lock 2674935592912 acquired on C:\Users\Shelvaaathithyan\.cache\huggingface\hub\.locks\models--Systran--faster-whisper-base\7818adb6de9fa3064d3ff81226fdd675be1f6344.lock
2026-07-09 11:23:55 - httpcore.http11 - DEBUG - send_request_headers.started request=<Request [b'GET']>
2026-07-09 11:23:55 - httpcore.http11 - DEBUG - send_request_headers.complete
2026-07-09 11:23:55 - httpcore.http11 - DEBUG - send_request_body.started request=<Request [b'GET']>
2026-07-09 11:23:55 - httpcore.http11 - DEBUG - send_request_body.complete
2026-07-09 11:23:55 - httpcore.http11 - DEBUG - receive_response_headers.started request=<Request [b'GET']>
2026-07-09 11:23:55 - httpcore.http11 - DEBUG - receive_response_headers.complete return_value=(b'HTTP/1.1', 200, b'OK', [(b'Content-Type', b'text/plain; charset=utf-8'), (b'Transfer-Encoding', b'chunked'), (b'Connection', b'keep-alive'), (b'Date', b'Thu, 12 Mar 2026 15:27:58 GMT'), (b'Content-Security-Policy', b"default-src 'none'; sandbox"), (b'Content-Disposition', b'inline; filename*=UTF-8\'\'tokenizer.json; filename="tokenizer.json";'), (b'X-Powered-By', b'huggingface-moon'), (b'X-Request-Id', b'Root=1-69b2db7e-209fc5821a4138765980ca89;8a12a605-6668-49c7-b603-963110991a13'), (b'RateLimit', b'"resolvers";r=2995;t=168'), (b'RateLimit-Policy', b'"fixed window";"resolvers";q=3000;w=300'), (b'cross-origin-opener-policy', b'same-origin'), (b'Referrer-Policy', b'strict-origin-when-cross-origin'), (b'Access-Control-Max-Age', b'86400'), (b'Access-Control-Allow-Origin', b'https://huggingface.co'), (b'Access-Control-Expose-Headers', b'X-Repo-Commit,X-Request-Id,X-Error-Code,X-Error-Message,X-Total-Count,ETag,Link,Accept-Ranges,Content-Range,X-Linked-Size,X-Linked-ETag,X-Xet-Hash'), (b'X-Repo-Commit', b'ebe41f70d5b6dfa9166e2c581c45c9c0cfc57b66'), (b'Content-Encoding', b'gzip'), (b'ETag', b'W/"7818adb6de9fa3064d3ff81226fdd675be1f6344"'), (b'Vary', b'Origin,accept-encoding'), (b'X-Cache', b'Hit from cloudfront'), (b'Via', b'1.1 1591be758e8bb44871a76bc3ca6cc860.cloudfront.net (CloudFront)'), (b'X-Amz-Cf-Pop', b'HYD57-P7'), (b'Alt-Svc', b'h3=":443"; ma=86400'), (b'X-Amz-Cf-Id', b'UVjjF2YT3WXboDC9cv2lSryonH0R4ZhRG1cs_7X2Q9kC93u1deKwew=='), (b'Age', b'10247155')])
2026-07-09 11:23:55 - httpx - INFO - HTTP Request: GET https://huggingface.co/api/resolve-cache/models/Systran/faster-whisper-base/ebe41f70d5b6dfa9166e2c581c45c9c0cfc57b66/tokenizer.json "HTTP/1.1 200 OK"
2026-07-09 11:23:55 - httpcore.http11 - DEBUG - receive_response_body.started request=<Request [b'GET']>
2026-07-09 11:23:55 - httpcore.http11 - DEBUG - receive_response_body.complete
2026-07-09 11:23:55 - httpcore.http11 - DEBUG - response_closed.started
2026-07-09 11:23:55 - httpcore.http11 - DEBUG - response_closed.complete
2026-07-09 11:23:55 - filelock - DEBUG - Attempting to release lock 2674935739984 on C:\Users\Shelvaaathithyan\.cache\huggingface\hub\.locks\models--Systran--faster-whisper-base\c9074644d9d1205686f16d411564729461324b75.lock
2026-07-09 11:23:55 - filelock - DEBUG - Lock 2674935739984 released on C:\Users\Shelvaaathithyan\.cache\huggingface\hub\.locks\models--Systran--faster-whisper-base\c9074644d9d1205686f16d411564729461324b75.lock
2026-07-09 11:23:56 - httpcore.http11 - DEBUG - receive_response_body.complete
2026-07-09 11:23:56 - httpcore.http11 - DEBUG - response_closed.started
2026-07-09 11:23:56 - httpcore.http11 - DEBUG - response_closed.complete
2026-07-09 11:23:56 - filelock - DEBUG - Attempting to release lock 2674935592912 on C:\Users\Shelvaaathithyan\.cache\huggingface\hub\.locks\models--Systran--faster-whisper-base\7818adb6de9fa3064d3ff81226fdd675be1f6344.lock
2026-07-09 11:23:56 - filelock - DEBUG - Lock 2674935592912 released on C:\Users\Shelvaaathithyan\.cache\huggingface\hub\.locks\models--Systran--faster-whisper-base\7818adb6de9fa3064d3ff81226fdd675be1f6344.lock
